androidtv_launcher_generic/app/build/intermediates/manifest_merge_blame_file/debug/processDebugMainManifest/manifest-merger-blame-debug-report.txt
1<?xml version="1.0" encoding="utf-8"?>
2<manifest xmlns:android="http://schemas.android.com/apk/res/android"
3    package="com.neoos.app.tv.androidtv"
4    android:versionCode="1"
5    android:versionName="1.0.0" >
6
7    <uses-sdk
8        android:minSdkVersion="21"
9        android:targetSdkVersion="34" />
10
11    <uses-permission android:name="android.permission.INTERNET" />
11-->src/main/AndroidManifest.xml:4:5-67
11-->src/main/AndroidManifest.xml:4:22-64
12    <uses-permission android:name="android.permission.ACCESS_NETWORK_STATE" />
12-->src/main/AndroidManifest.xml:5:5-79
12-->src/main/AndroidManifest.xml:5:22-76
13
14    <!-- Needed on Android 11+ to see which streaming apps are installed -->
15    <queries>
15-->src/main/AndroidManifest.xml:8:5-18:15
16        <intent>
16-->src/main/AndroidManifest.xml:9:9-12:18
17            <action android:name="android.intent.action.MAIN" />
17-->src/main/AndroidManifest.xml:10:13-65
17-->src/main/AndroidManifest.xml:10:21-62
18
19            <category android:name="android.intent.category.LEANBACK_LAUNCHER" />
19-->src/main/AndroidManifest.xml:11:13-82
19-->src/main/AndroidManifest.xml:11:23-79
20        </intent>
21
22        <package android:name="com.disney.disneyplus" />
22-->src/main/AndroidManifest.xml:13:9-57
22-->src/main/AndroidManifest.xml:13:18-54
23        <package android:name="com.netflix.mediaclient" />
23-->src/main/AndroidManifest.xml:14:9-59
23-->src/main/AndroidManifest.xml:14:18-56
24        <package android:name="com.amazon.avod.thirdpartyclient" />
24-->src/main/AndroidManifest.xml:15:9-68
24-->src/main/AndroidManifest.xml:15:18-65
25        <package android:name="com.google.android.youtube.tv" />
25-->src/main/AndroidManifest.xml:16:9-65
25-->src/main/AndroidManifest.xml:16:18-62
26        <package android:name="com.spotify.tv.android" />
26-->src/main/AndroidManifest.xml:17:9-58
26-->src/main/AndroidManifest.xml:17:18-55
27    </queries>
28
29    <uses-feature
29-->src/main/AndroidManifest.xml:20:5-22:35
30        android:name="android.software.leanback"
30-->src/main/AndroidManifest.xml:21:9-49
31        android:required="true" />
31-->src/main/AndroidManifest.xml:22:9-32
32    <uses-feature
32-->src/main/AndroidManifest.xml:23:5-25:36
33        android:name="android.hardware.touchscreen"
33-->src/main/AndroidManifest.xml:24:9-52
34        android:required="false" />
34-->src/main/AndroidManifest.xml:25:9-33
35
36    <permission
36-->[androidx.core:core:1.13.1] AndroidManifest.xml:22:5-24:47
37        android:name="com.neoos.app.tv.androidtv.DYNAMIC_RECEIVER_NOT_EXPORTED_PERMISSION"
37-->[androidx.core:core:1.13.1] AndroidManifest.xml:23:9-81
38        android:protectionLevel="signature" />
38-->[androidx.core:core:1.13.1] AndroidManifest.xml:24:9-44
39
40    <uses-permission android:name="com.neoos.app.tv.androidtv.DYNAMIC_RECEIVER_NOT_EXPORTED_PERMISSION" />
40-->[androidx.core:core:1.13.1] AndroidManifest.xml:26:5-97
40-->[androidx.core:core:1.13.1] AndroidManifest.xml:26:22-94
41
42    <application
42-->src/main/AndroidManifest.xml:27:5-64:19
43        android:allowBackup="true"
43-->src/main/AndroidManifest.xml:28:9-35
44        android:appComponentFactory="androidx.core.app.CoreComponentFactory"
44-->[androidx.core:core:1.13.1] AndroidManifest.xml:28:18-86
45        android:banner="@drawable/tv_banner"
45-->src/main/AndroidManifest.xml:29:9-45
46        android:debuggable="true"
47        android:extractNativeLibs="true"
48        android:icon="@mipmap/ic_launcher"
48-->src/main/AndroidManifest.xml:30:9-43
49        android:label="@string/app_name"
49-->src/main/AndroidManifest.xml:31:9-41
50        android:theme="@style/Theme.NeoTV"
50-->src/main/AndroidManifest.xml:32:9-43
51        android:usesCleartextTraffic="true" >
51-->src/main/AndroidManifest.xml:33:9-44
52        <activity
52-->src/main/AndroidManifest.xml:35:9-44:20
53            android:name="com.neoos.neotv.ui.main.MainActivity"
53-->src/main/AndroidManifest.xml:36:13-49
54            android:exported="true"
54-->src/main/AndroidManifest.xml:37:13-36
55            android:screenOrientation="landscape"
55-->src/main/AndroidManifest.xml:38:13-50
56            android:theme="@style/Theme.NeoTV.Browse" >
56-->src/main/AndroidManifest.xml:39:13-54
57            <intent-filter>
57-->src/main/AndroidManifest.xml:40:13-43:29
58                <action android:name="android.intent.action.MAIN" />
58-->src/main/AndroidManifest.xml:10:13-65
58-->src/main/AndroidManifest.xml:10:21-62
59
60                <category android:name="android.intent.category.LEANBACK_LAUNCHER" />
60-->src/main/AndroidManifest.xml:11:13-82
60-->src/main/AndroidManifest.xml:11:23-79
61            </intent-filter>
62        </activity>
63        <activity
63-->src/main/AndroidManifest.xml:46:9-50:57
64            android:name="com.neoos.neotv.ui.search.SearchActivity"
64-->src/main/AndroidManifest.xml:47:13-53
65            android:exported="false"
65-->src/main/AndroidManifest.xml:48:13-37
66            android:screenOrientation="landscape"
66-->src/main/AndroidManifest.xml:49:13-50
67            android:theme="@style/Theme.NeoTV.Browse" />
67-->src/main/AndroidManifest.xml:50:13-54
68        <activity
68-->src/main/AndroidManifest.xml:52:9-56:59
69            android:name="com.neoos.neotv.ui.playback.PlaybackActivity"
69-->src/main/AndroidManifest.xml:53:13-57
70            android:exported="false"
70-->src/main/AndroidManifest.xml:54:13-37
71            android:screenOrientation="landscape"
71-->src/main/AndroidManifest.xml:55:13-50
72            android:theme="@style/Theme.NeoTV.Playback" />
72-->src/main/AndroidManifest.xml:56:13-56
73        <activity
73-->src/main/AndroidManifest.xml:58:9-62:57
74            android:name="com.neoos.neotv.ui.settings.SettingsActivity"
74-->src/main/AndroidManifest.xml:59:13-57
75            android:exported="false"
75-->src/main/AndroidManifest.xml:60:13-37
76            android:screenOrientation="landscape"
76-->src/main/AndroidManifest.xml:61:13-50
77            android:theme="@style/Theme.NeoTV.Browse" />
77-->src/main/AndroidManifest.xml:62:13-54
78
79        <provider
79-->[androidx.emoji2:emoji2:1.3.0] AndroidManifest.xml:24:9-32:20
80            android:name="androidx.startup.InitializationProvider"
80-->[androidx.emoji2:emoji2:1.3.0] AndroidManifest.xml:25:13-67
81            android:authorities="com.neoos.app.tv.androidtv.androidx-startup"
81-->[androidx.emoji2:emoji2:1.3.0] AndroidManifest.xml:26:13-68
82            android:exported="false" >
82-->[androidx.emoji2:emoji2:1.3.0] AndroidManifest.xml:27:13-37
83            <meta-data
83-->[androidx.emoji2:emoji2:1.3.0] AndroidManifest.xml:29:13-31:52
84                android:name="androidx.emoji2.text.EmojiCompatInitializer"
84-->[androidx.emoji2:emoji2:1.3.0] AndroidManifest.xml:30:17-75
85                android:value="androidx.startup" />
85-->[androidx.emoji2:emoji2:1.3.0] AndroidManifest.xml:31:17-49
86            <meta-data
86-->[androidx.lifecycle:lifecycle-process:2.6.2] AndroidManifest.xml:29:13-31:52
87                android:name="androidx.lifecycle.ProcessLifecycleInitializer"
87-->[androidx.lifecycle:lifecycle-process:2.6.2] AndroidManifest.xml:30:17-78
88                android:value="androidx.startup" />
88-->[androidx.lifecycle:lifecycle-process:2.6.2] AndroidManifest.xml:31:17-49
89            <meta-data
89-->[androidx.profileinstaller:profileinstaller:1.3.1] AndroidManifest.xml:29:13-31:52
90                android:name="androidx.profileinstaller.ProfileInstallerInitializer"
90-->[androidx.profileinstaller:profileinstaller:1.3.1] AndroidManifest.xml:30:17-85
91                android:value="androidx.startup" />
91-->[androidx.profileinstaller:profileinstaller:1.3.1] AndroidManifest.xml:31:17-49
92        </provider>
93
94        <uses-library
94-->[androidx.window:window:1.0.0] AndroidManifest.xml:25:9-27:40
95            android:name="androidx.window.extensions"
95-->[androidx.window:window:1.0.0] AndroidManifest.xml:26:13-54
96            android:required="false" />
96-->[androidx.window:window:1.0.0] AndroidManifest.xml:27:13-37
97        <uses-library
97-->[androidx.window:window:1.0.0] AndroidManifest.xml:28:9-30:40
98            android:name="androidx.window.sidecar"
98-->[androidx.window:window:1.0.0] AndroidManifest.xml:29:13-51
99            android:required="false" />
99-->[androidx.window:window:1.0.0] AndroidManifest.xml:30:13-37
100
101        <provider
101-->[com.squareup.picasso:picasso:2.8] AndroidManifest.xml:8:9-11:40
102            android:name="com.squareup.picasso.PicassoProvider"
102-->[com.squareup.picasso:picasso:2.8] AndroidManifest.xml:9:13-64
103            android:authorities="com.neoos.app.tv.androidtv.com.squareup.picasso"
103-->[com.squareup.picasso:picasso:2.8] AndroidManifest.xml:10:13-72
104            android:exported="false" />
104-->[com.squareup.picasso:picasso:2.8] AndroidManifest.xml:11:13-37
105
106        <receiver
106-->[androidx.profileinstaller:profileinstaller:1.3.1] AndroidManifest.xml:34:9-52:20
107            android:name="androidx.profileinstaller.ProfileInstallReceiver"
107-->[androidx.profileinstaller:profileinstaller:1.3.1] AndroidManifest.xml:35:13-76
108            android:directBootAware="false"
108-->[androidx.profileinstaller:profileinstaller:1.3.1] AndroidManifest.xml:36:13-44
109            android:enabled="true"
109-->[androidx.profileinstaller:profileinstaller:1.3.1] AndroidManifest.xml:37:13-35
110            android:exported="true"
110-->[androidx.profileinstaller:profileinstaller:1.3.1] AndroidManifest.xml:38:13-36
111            android:permission="android.permission.DUMP" >
111-->[androidx.profileinstaller:profileinstaller:1.3.1] AndroidManifest.xml:39:13-57
112            <intent-filter>
112-->[androidx.profileinstaller:profileinstaller:1.3.1] AndroidManifest.xml:40:13-42:29
113                <action android:name="androidx.profileinstaller.action.INSTALL_PROFILE" />
113-->[androidx.profileinstaller:profileinstaller:1.3.1] AndroidManifest.xml:41:17-91
113-->[androidx.profileinstaller:profileinstaller:1.3.1] AndroidManifest.xml:41:25-88
114            </intent-filter>
115            <intent-filter>
115-->[androidx.profileinstaller:profileinstaller:1.3.1] AndroidManifest.xml:43:13-45:29
116                <action android:name="androidx.profileinstaller.action.SKIP_FILE" />
116-->[androidx.profileinstaller:profileinstaller:1.3.1] AndroidManifest.xml:44:17-85
116-->[androidx.profileinstaller:profileinstaller:1.3.1] AndroidManifest.xml:44:25-82
117            </intent-filter>
118            <intent-filter>
118-->[androidx.profileinstaller:profileinstaller:1.3.1] AndroidManifest.xml:46:13-48:29
119                <action android:name="androidx.profileinstaller.action.SAVE_PROFILE" />
119-->[androidx.profileinstaller:profileinstaller:1.3.1] AndroidManifest.xml:47:17-88
119-->[androidx.profileinstaller:profileinstaller:1.3.1] AndroidManifest.xml:47:25-85
120            </intent-filter>
121            <intent-filter>
121-->[androidx.profileinstaller:profileinstaller:1.3.1] AndroidManifest.xml:49:13-51:29
122                <action android:name="androidx.profileinstaller.action.BENCHMARK_OPERATION" />
122-->[androidx.profileinstaller:profileinstaller:1.3.1] AndroidManifest.xml:50:17-95
122-->[androidx.profileinstaller:profileinstaller:1.3.1] AndroidManifest.xml:50:25-92
123            </intent-filter>
124        </receiver>
125    </application>
126
127</manifest>